<?xml version="1.0" encoding="UTF-8"?>
<!-- Generated by org.testng.reporters.JUnitReportReporter -->
<testsuite hostname="Bharats-MacBook-Pro.local" name="com.photon.phresco.automation.TestCase" tests="1" failures="0" timestamp="22 Nov 2013 04:22:17 GMT" time="4.222" errors="0">
  <testcase name="testExecution" time="4.222" classname="com.photon.phresco.automation.TestCase"/>
</testsuite> <!-- com.photon.phresco.automation.TestCase -->
