<?xml version="1.0" encoding="UTF-8" ?>
<testsuite failures="2" time="10.657" errors="0" skipped="0" tests="3" name="com.photon.phresco.testcases.AllTest">
  <properties>
    <property name="java.runtime.name" value="Java(TM) SE Runtime Environment"/>
    <property name="sun.boot.library.path" value="C:\Program Files\Java\jre6\bin"/>
    <property name="java.vm.version" value="20.10-b01"/>
    <property name="java.vm.vendor" value="Sun Microsystems Inc."/>
    <property name="java.vendor.url" value="http://java.sun.com/"/>
    <property name="path.separator" value=";"/>
    <property name="guice.disable.misplaced.annotation.check" value="true"/>
    <property name="java.vm.name" value="Java HotSpot(TM) Client VM"/>
    <property name="file.encoding.pkg" value="sun.io"/>
    <property name="user.country" value="US"/>
    <property name="sun.java.launcher" value="SUN_STANDARD"/>
    <property name="sun.os.patch.level" value="Service Pack 3"/>
    <property name="java.vm.specification.name" value="Java Virtual Machine Specification"/>
    <property name="user.dir" value="C:\Documents and Settings\jagatheswaran_s\Desktop\Cucumber\yuimobilenone\functional"/>
    <property name="java.runtime.version" value="1.6.0_35-b10"/>
    <property name="java.awt.graphicsenv" value="sun.awt.Win32GraphicsEnvironment"/>
    <property name="java.endorsed.dirs" value="C:\Program Files\Java\jre6\lib\endorsed"/>
    <property name="os.arch" value="x86"/>
    <property name="java.io.tmpdir" value="C:\DOCUME~1\JAGATH~1\LOCALS~1\Temp\"/>
    <property name="line.separator" value="
"/>
    <property name="java.vm.specification.vendor" value="Sun Microsystems Inc."/>
    <property name="user.variant" value=""/>
    <property name="os.name" value="Windows XP"/>
    <property name="classworlds.conf" value="D:\Softwares\Eclipse\Workspace\.metadata\.plugins\org.eclipse.m2e.core\launches\m2conf3192876868176776900.tmp"/>
    <property name="sun.jnu.encoding" value="Cp1252"/>
    <property name="java.library.path" value="C:\Program Files\Java\jre6\bin;C:\WINDOWS\Sun\Java\bin;C:\WINDOWS\system32;C:\WINDOWS;C:/Program Files/Java/jre6/bin/client;C:/Program Files/Java/jre6/bin;C:/Program Files/Java/jre6/lib/i386;C:\WINDOWS\system32;C:\WINDOWS;C:\WINDOWS\System32\Wbem;C:\WINDOWS\system32\WindowsPowerShell\v1.0;C:\Program Files\TortoiseSVN\bin;C:\Program Files\nodejs\;C:\Program Files\TortoiseGit\bin;C:\Program Files\Java\jdk1.6.0_35\bin;C:\wamp\bin\php\php5.4.16;C:\Program Files\nodejs;D:\Softwares\Jscoverage\jscoverage-0.5.1;D:\Softwares\Apache maven\apache-maven-3.1.0\bin;C:\Program Files\TortoiseGit;C:\Program Files\TortoiseSVN;D:\Softwares\adt-bundle-windows-x86-20130729\sdk\tools;D:\Softwares\adt-bundle-windows-x86-20130729\sdk\build-tools;D:\Softwares\adt-bundle-windows-x86-20130729\sdk\platform-tools;;C:\Documents and Settings\jagatheswaran_s;;."/>
    <property name="java.specification.name" value="Java Platform API Specification"/>
    <property name="java.class.version" value="50.0"/>
    <property name="sun.management.compiler" value="HotSpot Client Compiler"/>
    <property name="os.version" value="5.1"/>
    <property name="user.home" value="C:\Documents and Settings\jagatheswaran_s"/>
    <property name="user.timezone" value="Asia/Calcutta"/>
    <property name="java.awt.printerjob" value="sun.awt.windows.WPrinterJob"/>
    <property name="file.encoding" value="Cp1252"/>
    <property name="java.specification.version" value="1.6"/>
    <property name="user.name" value="jagatheswaran_s"/>
    <property name="java.class.path" value="/D:/Softwares/Eclipse/eclipse-helios/configuration/org.eclipse.osgi/bundles/738/1/.cp/jars/plexus-classworlds-2.4.jar"/>
    <property name="java.vm.specification.version" value="1.0"/>
    <property name="sun.arch.data.model" value="32"/>
    <property name="java.home" value="C:\Program Files\Java\jre6"/>
    <property name="sun.java.command" value="org.codehaus.plexus.classworlds.launcher.Launcher -B -s D:\Softwares\Apache maven\apache-maven-3.1.0\conf\settings.xml test"/>
    <property name="java.specification.vendor" value="Sun Microsystems Inc."/>
    <property name="user.language" value="en"/>
    <property name="awt.toolkit" value="sun.awt.windows.WToolkit"/>
    <property name="java.vm.info" value="mixed mode, sharing"/>
    <property name="java.version" value="1.6.0_35"/>
    <property name="java.ext.dirs" value="C:\Program Files\Java\jre6\lib\ext;C:\WINDOWS\Sun\Java\lib\ext"/>
    <property name="sun.boot.class.path" value="C:\Program Files\Java\jre6\lib\resources.jar;C:\Program Files\Java\jre6\lib\rt.jar;C:\Program Files\Java\jre6\lib\sunrsasign.jar;C:\Program Files\Java\jre6\lib\jsse.jar;C:\Program Files\Java\jre6\lib\jce.jar;C:\Program Files\Java\jre6\lib\charsets.jar;C:\Program Files\Java\jre6\lib\modules\jdk.boot.jar;C:\Program Files\Java\jre6\classes"/>
    <property name="java.vendor" value="Sun Microsystems Inc."/>
    <property name="maven.home" value="C:\Documents and Settings\jagatheswaran_s\Desktop\Cucumber\yuimobilenone\functional\EMBEDDED"/>
    <property name="file.separator" value="\"/>
    <property name="java.vendor.url.bug" value="http://java.sun.com/cgi-bin/bugreport.cgi"/>
    <property name="sun.cpu.endian" value="little"/>
    <property name="sun.io.unicode.encoding" value="UnicodeLittle"/>
    <property name="sun.desktop" value="windows"/>
    <property name="sun.cpu.isalist" value=""/>
  </properties>
  <testcase time="0" classname="Given the user is on the widgets page   " name="Given the user is on the widgets page   "/>
  <testcase time="0" classname="Then the page title returned should be \&quot;Hello World\&quot;    " name="Then the page title returned should be \&quot;Hello World\&quot;    ">
    <failure type="junit.framework.AssertionFailedError">junit.framework.AssertionFailedError
	at junit.framework.Assert.fail(Assert.java:48)
	at junit.framework.Assert.assertTrue(Assert.java:20)
	at junit.framework.Assert.assertTrue(Assert.java:27)
	at com.photon.phresco.Screens.BaseScreen.isTextPresent(BaseScreen.java:207)
	at com.photon.phresco.testcases.HelloWorldTestCase.thePageTitleReturned(HelloWorldTestCase.java:61)
	at ✽.Then the page title returned should be &quot;Hello World&quot;(com\photon\phresco\testcases\helloworld.feature:8)
</failure>
    <system-out>&amp;#27;[1A    &amp;#27;[32mGiven &amp;#27;[0m&amp;#27;[32mthe user is on the widgets page&amp;#27;[0m                &amp;#27;[90m# HelloWorldTestCase.The_user_is_on_the_Widgets_page()&amp;#27;[0m
    &amp;#27;[90mThen &amp;#27;[0m&amp;#27;[90mthe page title returned should be &quot;&amp;#27;[0m&amp;#27;[90m&amp;#27;[1mHello World&amp;#27;[0m&amp;#27;[90m&quot;&amp;#27;[0m &amp;#27;[90m# HelloWorldTestCase.thePageTitleReturned(String)&amp;#27;[0m
**********************Hello World
</system-out>
  </testcase>
  <testcase time="0" classname="Scenario: Hello World should be displayed  " name="Scenario: Hello World should be displayed  ">
    <failure type="junit.framework.AssertionFailedError">junit.framework.AssertionFailedError
	at junit.framework.Assert.fail(Assert.java:48)
	at junit.framework.Assert.assertTrue(Assert.java:20)
	at junit.framework.Assert.assertTrue(Assert.java:27)
	at com.photon.phresco.Screens.BaseScreen.isTextPresent(BaseScreen.java:207)
	at com.photon.phresco.testcases.HelloWorldTestCase.thePageTitleReturned(HelloWorldTestCase.java:61)
	at ✽.Then the page title returned should be &quot;Hello World&quot;(com\photon\phresco\testcases\helloworld.feature:8)
</failure>
  </testcase>
</testsuite>